<?xml version="1.0" encoding="UTF-8"?>
<testsuite name="TestGrep" tests="1" skipped="0" failures="0" errors="0" timestamp="2022-09-04T12:27:59" hostname="DESKTOP-FRF6OVI" time="0.081">
  <properties/>
  <testcase name="test()" classname="TestGrep" time="0.081"/>
  <system-out><![CDATA[]]></system-out>
  <system-err><![CDATA[]]></system-err>
</testsuite>
